[0mGET /users [33m401[0m 1.507 ms - 31[0m
[0mGET /users [33m401[0m 1.410 ms - 31[0m
[0mPATCH /users [33m404[0m 1.194 ms - 146[0m
[0mPOST /users [33m401[0m 1.231 ms - 31[0m
[0mPOST /users [33m401[0m 1.318 ms - 31[0m
[0mPOST /Bcards/api/users [33m404[0m 0.827 ms - 156[0m
[0mPOST /Bcards/api/users [33m404[0m 0.749 ms - 156[0m
[0mPOST /api/users [33m400[0m 2.706 ms - 22[0m
[0mPOST /api/users [33m400[0m 2.709 ms - 31[0m
[0mPOST /api/users [33m400[0m 3.122 ms - 31[0m
[0mPOST /api/users [33m400[0m 10019.583 ms - 61[0m
[0mPOST /api/users [0m-[0m - ms - -[0m
[0mPOST /api/users [33m400[0m 10013.671 ms - 61[0m
[0mGET /api/users [33m401[0m 0.335 ms - 31[0m
[0mPOST /api/users [33m400[0m 10013.786 ms - 61[0m
[0mPOST /api/users [33m400[0m 10017.240 ms - 61[0m
[0mPOST /api/users [33m400[0m 10006.166 ms - 61[0m
[0mPOST /api/users [0m-[0m - ms - -[0m
[0mPOST /api/users [33m400[0m 10014.152 ms - 61[0m
[0mPOST /api/users [33m400[0m 64.951 ms - 32[0m
[0mPOST /api/users [32m201[0m 62.048 ms - 34[0m
[0mPOST /api/users [33m400[0m 4.737 ms - 37[0m
[0mPOST /api/users/login [33m400[0m 54.875 ms - 36[0m
[0mPOST /api/users/login [33m400[0m 55.452 ms - 3[0m
[0mPOST /api/users/login [33m400[0m 57.272 ms - 3[0m
[0mPOST /api/users/login [33m400[0m 57.709 ms - 36[0m
[0mPOST /api/users/login [33m400[0m 57.149 ms - 3[0m
[0mPOST /api/users/login [32m200[0m 57.404 ms - 173[0m
[0mPUT /api/users/680930e74c2a75e71046dcea [33m401[0m 3.343 ms - 13[0m
[0mPOST /api/users [32m201[0m 67.276 ms - 34[0m
[0mPOST /api/users/login [33m400[0m 1.261 ms - 21[0m
[0mPOST /api/users/login [32m200[0m 49.294 ms - 193[0m
[0mPUT /api/users/680942bf6ba598722d309adb [33m400[0m 3.838 ms - 104[0m
[0mPUT /api/users/680942bf6ba598722d309adb [32m200[0m 22.261 ms - 699[0m
[0mPOST /api/users/%D7%9A%D7%9D%D7%A2%D7%9F%D7%9E [33m404[0m 1.355 ms - 180[0m
[0mPOST /api/users/%D7%9A%D7%9D%D7%A2%D7%9F%D7%9E [33m404[0m 0.392 ms - 180[0m
[0mPOST /api/users/%D7%9A%D7%9D%D7%A2%D7%9F%D7%9E [33m404[0m 0.252 ms - 180[0m
[0mPOST /api/users/%D7%9A%D7%9D%D7%A2%D7%9F%D7%9E [33m404[0m 0.247 ms - 180[0m
[0mPOST /api/users/login [33m400[0m 8.797 ms - 25[0m
[0mPOST /api/users/login [33m400[0m 2.189 ms - 25[0m
[0mPOST /api/users/login [33m400[0m 8.760 ms - 25[0m
[0mPOST /api/users/login [33m400[0m 2.699 ms - 25[0m
[0mPOST /api/users/login [33m400[0m 2.377 ms - 25[0m
[0mPOST /api/users/login [33m400[0m 9.087 ms - 25[0m
[0mPOST /api/users/login [33m400[0m 9.808 ms - 25[0m
[0mPOST /api/users [32m201[0m 57.234 ms - 34[0m
[0mPUT /api/users/login [33m401[0m 0.477 ms - 31[0m
[0mPUT /api/users/login [33m401[0m 0.276 ms - 31[0m
[0mPUT /api/users/login [33m401[0m 2.074 ms - 13[0m
[0mPOST /api/users [33m400[0m 1.076 ms - 19[0m
[0mPOST /api/users [33m400[0m 2.605 ms - 37[0m
[0mPOST /api/users/login [32m200[0m 48.913 ms - 193[0m
[0mPATCH /api/users/login [33m401[0m 3.592 ms - 13[0m
[0mPATCH /api/users/680960ece45de10892a7031f [32m200[0m 14.911 ms - 36[0m
[0mPATCH /api/users/680960ece45de10892a7031f [32m200[0m 4.157 ms - 36[0m
[0mPATCH /api/users/680960ece45de10892a7031f [32m200[0m 4.208 ms - 36[0m
[0mPATCH /api/users/680960ece45de10892a7031f [32m200[0m 3.997 ms - 36[0m
[0mPOST /api/users [32m201[0m 62.449 ms - 34[0m
[0mPOST /api/users/login [32m200[0m 50.631 ms - 195[0m
[0mPOST /api/users/login [32m200[0m 47.427 ms - 195[0m
[0mPOST /api/users/login [32m200[0m 47.843 ms - 193[0m
[0mDELETE /api/users/680965c6a4134fce9231f54e [33m404[0m 1.092 ms - 176[0m
[0mDELETE /api/users/680965c6a4134fce9231f54e [33m404[0m 1.087 ms - 176[0m
[0mDELETE /api/users/680965c6a4134fce9231f54e [33m404[0m 0.330 ms - 176[0m
[0mDELETE /api/users/680965c6a4134fce9231f54e [33m404[0m 1.063 ms - 176[0m
[0mDELETE /api/users/680965c6a4134fce9231f54e [33m404[0m 1.058 ms - 176[0m
[0mDELETE /api/users/680965c6a4134fce9231f54e [33m404[0m 0.411 ms - 176[0m
[0mDELETE /api/users/680965c6a4134fce9231f54e [33m404[0m 0.558 ms - 176[0m
[0mDELETE /api/users/680965c6a4134fce9231f54e [33m404[0m 2.142 ms - 176[0m
[0mPOST /api/users/login [32m200[0m 56.216 ms - 193[0m
[0mPOST /api/users/680965c6a4134fce9231f54e [33m404[0m 0.466 ms - 174[0m
[0mDELETE /api/users/680965c6a4134fce9231f54e [33m404[0m 0.674 ms - 176[0m
[0mDELETE /api/users/680965c6a4134fce9231f54e [33m404[0m 0.271 ms - 176[0m
[0mDELETE /api/users/680965c6a4134fce9231f54e [33m404[0m 1.583 ms - 176[0m
[0mDELETE /api/users [33m401[0m 1.247 ms - 31[0m
[0mDELETE /api/users [33m401[0m 0.224 ms - 31[0m
[0mPOST /api/users [33m400[0m 1.708 ms - 19[0m
[0mPOST /api/users/login [32m200[0m 54.484 ms - 193[0m
[0mDELETE /api/users [33m401[0m 0.229 ms - 31[0m
[0mDELETE /api/users/680965c6a4134fce9231f54e [33m404[0m 0.440 ms - 176[0m
[0mDELETE /api/users/680965c6a4134fce9231f54e [33m404[0m 1.508 ms - 176[0m
[0mDELETE /api/users/680965c6a4134fce9231f54e [33m401[0m 1.476 ms - 31[0m
[0mDELETE /api/users/680965c6a4134fce9231f54e [33m400[0m 8.855 ms - 29[0m
[0mDELETE /api/users/680965c6a4134fce9231f54e [33m400[0m 10.848 ms - 30[0m
[0mDELETE /api/users/680965c6a4134fce9231f54e [32m200[0m 11.225 ms - 25[0m
[0mPATCH /api/users/680960ece45de10892a7031f [32m200[0m 16.691 ms - 36[0m
[0mPUT /api/users/680960ece45de10892a7031f [32m200[0m 6.881 ms - 698[0m
[0mPOST /api/users [32m201[0m 53.075 ms - 34[0m
[0mPOST /api/users/login [32m200[0m 49.481 ms - 195[0m
[0mDELETE /api/users/68096feed22abe2a389cfc81 [33m401[0m 0.854 ms - 13[0m
[0mGET / [33m404[0m 1.215 ms - 139[0m
[0mGET / [33m404[0m 0.191 ms - 139[0m
[0mGET / [33m404[0m 0.330 ms - 139[0m
